android/app/build/intermediates/manifest_merge_blame_file/debug/manifest-merger-blame-debug-report.txt
1<?xml version="1.0" encoding="utf-8"?>
2<manifest xmlns:android="http://schemas.android.com/apk/res/android"
3    package="com.genomelabs.genomecenter"
4    android:versionCode="4"
5    android:versionName="2.0.0" >
6
7    <uses-sdk
8        android:minSdkVersion="21"
9        android:targetSdkVersion="30" />
10
11    <uses-permission android:name="android.permission.SYSTEM_ALERT_WINDOW" />
11-->src/main/AndroidManifest.xml:4:3-75
11-->src/main/AndroidManifest.xml:4:20-73
12    <uses-permission android:name="android.permission.INTERNET" />
12-->src/main/AndroidManifest.xml:2:3-64
12-->src/main/AndroidManifest.xml:2:20-62
13    <uses-permission android:name="android.permission.READ_EXTERNAL_STORAGE" />
13-->src/main/AndroidManifest.xml:3:3-77
13-->src/main/AndroidManifest.xml:3:20-75
14    <uses-permission android:name="android.permission.VIBRATE" />
14-->src/main/AndroidManifest.xml:5:3-63
14-->src/main/AndroidManifest.xml:5:20-61
15    <uses-permission android:name="android.permission.WRITE_EXTERNAL_STORAGE" />
15-->src/main/AndroidManifest.xml:6:3-78
15-->src/main/AndroidManifest.xml:6:20-76
16
17    <queries>
17-->src/main/AndroidManifest.xml:7:3-13:13
18        <intent>
18-->src/main/AndroidManifest.xml:8:5-12:14
19            <action android:name="android.intent.action.VIEW" />
19-->src/main/AndroidManifest.xml:9:7-58
19-->src/main/AndroidManifest.xml:9:15-56
20
21            <category android:name="android.intent.category.BROWSABLE" />
21-->src/main/AndroidManifest.xml:10:7-67
21-->src/main/AndroidManifest.xml:10:17-65
22
23            <data android:scheme="https" />
23-->src/main/AndroidManifest.xml:11:7-37
23-->src/main/AndroidManifest.xml:11:13-35
24        </intent>
25        <!-- Query open documents -->
26        <intent>
26-->[:expo-file-system] AndroidManifest.xml:19:9-21:18
27            <action android:name="android.intent.action.OPEN_DOCUMENT_TREE" />
27-->[:expo-file-system] AndroidManifest.xml:20:13-79
27-->[:expo-file-system] AndroidManifest.xml:20:21-76
28        </intent>
29        <intent>
29-->[:expo-sharing] AndroidManifest.xml:12:9-18:18
30
31            <!-- Required for file sharing if targeting API 30 -->
32            <action android:name="android.intent.action.SEND" />
32-->[:expo-sharing] AndroidManifest.xml:15:13-65
32-->[:expo-sharing] AndroidManifest.xml:15:21-62
33
34            <data android:mimeType="*/*" />
34-->src/main/AndroidManifest.xml:11:7-37
35        </intent>
36    </queries>
37
38    <uses-permission android:name="android.permission.ACCESS_WIFI_STATE" />
38-->[com.facebook.flipper:flipper:0.54.0] AndroidManifest.xml:16:5-76
38-->[com.facebook.flipper:flipper:0.54.0] AndroidManifest.xml:16:22-73
39    <uses-permission android:name="android.permission.ACCESS_COARSE_LOCATION" />
39-->[:react-native-maps] AndroidManifest.xml:10:5-81
39-->[:react-native-maps] AndroidManifest.xml:10:22-78
40    <uses-permission android:name="android.permission.ACCESS_NETWORK_STATE" />
40-->[:expo-updates] AndroidManifest.xml:11:5-79
40-->[:expo-updates] AndroidManifest.xml:11:22-76
41
42    <uses-feature
42-->[com.google.android.gms:play-services-maps:17.0.0] AndroidManifest.xml:26:5-28:35
43        android:glEsVersion="0x00020000"
43-->[com.google.android.gms:play-services-maps:17.0.0] AndroidManifest.xml:27:9-41
44        android:required="true" />
44-->[com.google.android.gms:play-services-maps:17.0.0] AndroidManifest.xml:28:9-32
45
46    <uses-permission android:name="com.google.android.finsky.permission.BIND_GET_INSTALL_REFERRER_SERVICE" />
46-->[com.android.installreferrer:installreferrer:1.0] AndroidManifest.xml:9:5-110
46-->[com.android.installreferrer:installreferrer:1.0] AndroidManifest.xml:9:22-107
47
48    <application
48-->src/main/AndroidManifest.xml:14:3-35:17
49        android:name="com.genomelabs.genomecenter.MainApplication"
49-->src/main/AndroidManifest.xml:14:16-47
50        android:allowBackup="true"
50-->src/main/AndroidManifest.xml:14:162-188
51        android:appComponentFactory="androidx.core.app.CoreComponentFactory"
51-->[androidx.core:core:1.3.0] AndroidManifest.xml:24:18-86
52        android:debuggable="true"
53        android:icon="@mipmap/ic_launcher"
53-->src/main/AndroidManifest.xml:14:81-115
54        android:label="@string/app_name"
54-->src/main/AndroidManifest.xml:14:48-80
55        android:roundIcon="@mipmap/ic_launcher_round"
55-->src/main/AndroidManifest.xml:14:116-161
56        android:theme="@style/AppTheme"
56-->src/main/AndroidManifest.xml:14:189-220
57        android:usesCleartextTraffic="true" >
57-->src/main/AndroidManifest.xml:14:221-256
58        <meta-data
58-->src/main/AndroidManifest.xml:15:5-119
59            android:name="com.google.android.geo.API_KEY"
59-->src/main/AndroidManifest.xml:15:16-61
60            android:value="AIzaSyA54NxsFxatk-kI5XH6rad1UDsgqD2QDvQ" />
60-->src/main/AndroidManifest.xml:15:62-117
61        <meta-data
61-->src/main/AndroidManifest.xml:16:5-82
62            android:name="expo.modules.updates.ENABLED"
62-->src/main/AndroidManifest.xml:16:16-59
63            android:value="true" />
63-->src/main/AndroidManifest.xml:16:60-80
64        <meta-data
64-->src/main/AndroidManifest.xml:17:5-93
65            android:name="expo.modules.updates.EXPO_SDK_VERSION"
65-->src/main/AndroidManifest.xml:17:16-68
66            android:value="43.0.0" />
66-->src/main/AndroidManifest.xml:17:69-91
67        <meta-data
67-->src/main/AndroidManifest.xml:18:5-105
68            android:name="expo.modules.updates.EXPO_UPDATES_CHECK_ON_LAUNCH"
68-->src/main/AndroidManifest.xml:18:16-80
69            android:value="ALWAYS" />
69-->src/main/AndroidManifest.xml:18:81-103
70        <meta-data
70-->src/main/AndroidManifest.xml:19:5-99
71            android:name="expo.modules.updates.EXPO_UPDATES_LAUNCH_WAIT_MS"
71-->src/main/AndroidManifest.xml:19:16-79
72            android:value="0" />
72-->src/main/AndroidManifest.xml:19:80-97
73        <meta-data
73-->src/main/AndroidManifest.xml:20:5-136
74            android:name="expo.modules.updates.EXPO_UPDATE_URL"
74-->src/main/AndroidManifest.xml:20:16-67
75            android:value="https://exp.host/@ahsanshiekh/genome-center-mobile" />
75-->src/main/AndroidManifest.xml:20:68-134
76
77        <activity
77-->src/main/AndroidManifest.xml:21:5-32:16
78            android:name="com.genomelabs.genomecenter.MainActivity"
78-->src/main/AndroidManifest.xml:21:15-43
79            android:configChanges="keyboard|keyboardHidden|orientation|screenSize|uiMode"
79-->src/main/AndroidManifest.xml:21:77-154
80            android:label="@string/app_name"
80-->src/main/AndroidManifest.xml:21:44-76
81            android:launchMode="singleTask"
81-->src/main/AndroidManifest.xml:21:155-186
82            android:screenOrientation="portrait"
82-->src/main/AndroidManifest.xml:21:273-309
83            android:theme="@style/Theme.App.SplashScreen"
83-->src/main/AndroidManifest.xml:21:227-272
84            android:windowSoftInputMode="adjustPan" >
84-->src/main/AndroidManifest.xml:21:187-226
85            <intent-filter>
85-->src/main/AndroidManifest.xml:22:7-25:23
86                <action android:name="android.intent.action.MAIN" />
86-->src/main/AndroidManifest.xml:23:9-60
86-->src/main/AndroidManifest.xml:23:17-58
87
88                <category android:name="android.intent.category.LAUNCHER" />
88-->src/main/AndroidManifest.xml:24:9-68
88-->src/main/AndroidManifest.xml:24:19-66
89            </intent-filter>
90            <intent-filter>
90-->src/main/AndroidManifest.xml:26:7-31:23
91                <action android:name="android.intent.action.VIEW" />
91-->src/main/AndroidManifest.xml:9:7-58
91-->src/main/AndroidManifest.xml:9:15-56
92
93                <category android:name="android.intent.category.DEFAULT" />
93-->src/main/AndroidManifest.xml:28:9-67
93-->src/main/AndroidManifest.xml:28:19-65
94                <category android:name="android.intent.category.BROWSABLE" />
94-->src/main/AndroidManifest.xml:10:7-67
94-->src/main/AndroidManifest.xml:10:17-65
95
96                <data android:scheme="com.genomelabs.genomecenter" />
96-->src/main/AndroidManifest.xml:11:7-37
96-->src/main/AndroidManifest.xml:11:13-35
97            </intent-filter>
98        </activity>
99        <activity android:name="com.facebook.react.devsupport.DevSettingsActivity" />
99-->src/main/AndroidManifest.xml:33:5-81
99-->src/main/AndroidManifest.xml:33:15-79
100
101        <uses-library
101-->src/main/AndroidManifest.xml:34:5-83
102            android:name="org.apache.http.legacy"
102-->src/main/AndroidManifest.xml:34:19-56
103            android:required="false" />
103-->src/main/AndroidManifest.xml:34:57-81
104
105        <provider
105-->[:react-native-webview] AndroidManifest.xml:12:9-20:20
106            android:name="com.reactnativecommunity.webview.RNCWebViewFileProvider"
106-->[:react-native-webview] AndroidManifest.xml:13:13-83
107            android:authorities="com.genomelabs.genomecenter.fileprovider"
107-->[:react-native-webview] AndroidManifest.xml:14:13-64
108            android:exported="false"
108-->[:react-native-webview] AndroidManifest.xml:15:13-37
109            android:grantUriPermissions="true" >
109-->[:react-native-webview] AndroidManifest.xml:16:13-47
110            <meta-data
110-->[:react-native-webview] AndroidManifest.xml:17:13-19:63
111                android:name="android.support.FILE_PROVIDER_PATHS"
111-->[:react-native-webview] AndroidManifest.xml:18:17-67
112                android:resource="@xml/file_provider_paths" />
112-->[:react-native-webview] AndroidManifest.xml:19:17-60
113        </provider>
114        <provider
114-->[:expo-file-system] AndroidManifest.xml:25:9-34:20
115            android:name="expo.modules.filesystem.FileSystemFileProvider"
115-->[:expo-file-system] AndroidManifest.xml:26:13-74
116            android:authorities="com.genomelabs.genomecenter.FileSystemFileProvider"
116-->[:expo-file-system] AndroidManifest.xml:27:13-74
117            android:exported="false"
117-->[:expo-file-system] AndroidManifest.xml:28:13-37
118            android:grantUriPermissions="true" >
118-->[:expo-file-system] AndroidManifest.xml:29:13-47
119            <meta-data
119-->[:react-native-webview] AndroidManifest.xml:17:13-19:63
120                android:name="android.support.FILE_PROVIDER_PATHS"
120-->[:react-native-webview] AndroidManifest.xml:18:17-67
121                android:resource="@xml/file_system_provider_paths" />
121-->[:react-native-webview] AndroidManifest.xml:19:17-60
122        </provider>
123        <provider
123-->[:expo-sharing] AndroidManifest.xml:22:9-30:20
124            android:name="expo.modules.sharing.SharingFileProvider"
124-->[:expo-sharing] AndroidManifest.xml:23:13-68
125            android:authorities="com.genomelabs.genomecenter.SharingFileProvider"
125-->[:expo-sharing] AndroidManifest.xml:24:13-71
126            android:exported="false"
126-->[:expo-sharing] AndroidManifest.xml:25:13-37
127            android:grantUriPermissions="true" >
127-->[:expo-sharing] AndroidManifest.xml:26:13-47
128            <meta-data
128-->[:react-native-webview] AndroidManifest.xml:17:13-19:63
129                android:name="android.support.FILE_PROVIDER_PATHS"
129-->[:react-native-webview] AndroidManifest.xml:18:17-67
130                android:resource="@xml/sharing_provider_paths" />
130-->[:react-native-webview] AndroidManifest.xml:19:17-60
131        </provider>
132
133        <meta-data
133-->[:expo-modules-core] AndroidManifest.xml:12:9-14:89
134            android:name="org.unimodules.core.AppLoader#react-native-headless"
134-->[:expo-modules-core] AndroidManifest.xml:13:13-79
135            android:value="expo.modules.adapters.react.apploader.RNHeadlessAppLoader" />
135-->[:expo-modules-core] AndroidManifest.xml:14:13-86
136
137        <activity
137-->[com.google.android.gms:play-services-base:17.0.0] AndroidManifest.xml:23:9-26:75
138            android:name="com.google.android.gms.common.api.GoogleApiActivity"
138-->[com.google.android.gms:play-services-base:17.0.0] AndroidManifest.xml:24:13-79
139            android:exported="false"
139-->[com.google.android.gms:play-services-base:17.0.0] AndroidManifest.xml:25:13-37
140            android:theme="@android:style/Theme.Translucent.NoTitleBar" />
140-->[com.google.android.gms:play-services-base:17.0.0] AndroidManifest.xml:26:13-72
141
142        <meta-data
142-->[com.google.android.gms:play-services-basement:17.0.0] AndroidManifest.xml:23:9-25:69
143            android:name="com.google.android.gms.version"
143-->[com.google.android.gms:play-services-basement:17.0.0] AndroidManifest.xml:24:13-58
144            android:value="@integer/google_play_services_version" />
144-->[com.google.android.gms:play-services-basement:17.0.0] AndroidManifest.xml:25:13-66
145
146        <service
146-->[androidx.room:room-runtime:2.1.0] AndroidManifest.xml:25:9-27:40
147            android:name="androidx.room.MultiInstanceInvalidationService"
147-->[androidx.room:room-runtime:2.1.0] AndroidManifest.xml:26:13-74
148            android:exported="false" />
148-->[androidx.room:room-runtime:2.1.0] AndroidManifest.xml:27:13-37
149    </application>
150
151</manifest>